<?xml version="1.0" encoding="UTF-8"?>
<!-- Generated by org.testng.reporters.JUnitReportReporter -->
<testsuite skipped="0" hostname="LAPTOP-2JQEJ88H" name="com.weight.testcases.HomePageTest" tests="2" failures="0" timestamp="28 Jan 2019 02:11:04 GMT" time="22.038" errors="0">
  <testcase name="HomePageTitle" time="10.028" classname="com.weight.testcases.HomePageTest"/>
  <testcase name="clickonfindstudio" time="12.010" classname="com.weight.testcases.HomePageTest"/>
</testsuite> <!-- com.weight.testcases.HomePageTest -->
